<?xml version="1.0" encoding="UTF-8"?>
<!-- Generated by org.testng.reporters.JUnitReportReporter -->
<testsuite hostname="BabuGNair" failures="0" tests="1" name="TestCases.TC001_AccountSignUpTest" time="23.322" errors="0" timestamp="2024-09-21T16:17:59 IST" skipped="0">
  <testcase classname="TestCases.TC001_AccountSignUpTest" name="VerifySignup" time="23.322"/>
</testsuite> <!-- TestCases.TC001_AccountSignUpTest -->
