<?xml version="1.0" encoding="UTF-8"?>
<!-- Generated by org.testng.reporters.JUnitReportReporter -->
<testsuite hostname="BabuGNair" failures="0" tests="1" name="TestCases.SignUp" time="4.288" errors="0" timestamp="2024-08-09T16:20:13 IST" skipped="0">
  <testcase classname="TestCases.SignUp" name="TestSignup" time="4.288"/>
</testsuite> <!-- TestCases.SignUp -->
