<?xml version="1.0" encoding="UTF-8"?>
<!-- Generated by org.testng.reporters.JUnitReportReporter -->
<testsuite hostname="BabuGNair" failures="0" tests="1" name="TestCases.TC001_AccountSignUpTest" time="21.352" errors="0" timestamp="2024-10-10T00:01:27 CEST" skipped="0">
  <testcase classname="TestCases.TC001_AccountSignUpTest" name="VerifySignup" time="21.352"/>
</testsuite> <!-- TestCases.TC001_AccountSignUpTest -->
