<?xml version="1.0" encoding="UTF-8"?>
<!-- Generated by org.testng.reporters.JUnitReportReporter -->
<testsuite hostname="BabuGNair" failures="0" tests="1" name="TestCases.TC001_AccountSignUpTest" time="23.014" errors="0" timestamp="2024-09-21T16:20:09 IST" skipped="0">
  <testcase classname="TestCases.TC001_AccountSignUpTest" name="VerifySignup" time="23.014"/>
</testsuite> <!-- TestCases.TC001_AccountSignUpTest -->
